{
  "stats": {
    "suites": 5,
    "tests": 5,
    "passes": 0,
    "pending": 0,
    "failures": 5,
    "start": "2023-12-06T00:28:19.775Z",
    "end": "2023-12-06T00:31:10.288Z",
    "duration": 170513,
    "testsRegistered": 5,
    "passPercent": 0,
    "pendingPercent": 0,
    "other": 1,
    "hasOther": true,
    "skipped": 0,
    "hasSkipped": false
  },
  "results": [
    {
      "uuid": "5d73449d-a8b9-4aa0-9f2a-f0dd62a4919b",
      "title": "",
      "fullFile": "",
      "file": "",
      "beforeHooks": [],
      "afterHooks": [],
      "tests": [],
      "suites": [
        {
          "uuid": "8b293db2-588d-4fff-8f4e-359438ad80f8",
          "title": "AgregarUnProductoAlCarrito",
          "fullFile": "C:\\Users\\Irma\\Desktop\\Test\\Calidad_Test_2023\\Calidad_Test_2023\\test\\agregarUnProductoAlCarrito.spec.js",
          "file": "\\test\\agregarUnProductoAlCarrito.spec.js",
          "beforeHooks": [
            {
              "title": "\"before each\" hook in \"AgregarUnProductoAlCarrito\"",
              "fullTitle": "AgregarUnProductoAlCarrito \"before each\" hook in \"AgregarUnProductoAlCarrito\"",
              "timedOut": false,
              "duration": 2686,
              "state": null,
              "speed": null,
              "pass": false,
              "fail": false,
              "pending": false,
              "context": null,
              "code": "try {\n  driver = await new Builder().forBrowser('chrome').build();\n  vars = {};\n} catch (error) {\n  console.error('Error during driver setup:', error);\n}",
              "err": {},
              "uuid": "805e303e-7296-4705-8549-cb53bc8ea1dd",
              "parentUUID": "8b293db2-588d-4fff-8f4e-359438ad80f8",
              "isHook": true,
              "skipped": false
            }
          ],
          "afterHooks": [
            {
              "title": "\"after each\" hook in \"AgregarUnProductoAlCarrito\"",
              "fullTitle": "AgregarUnProductoAlCarrito \"after each\" hook in \"AgregarUnProductoAlCarrito\"",
              "timedOut": false,
              "duration": 164,
              "state": null,
              "speed": null,
              "pass": false,
              "fail": false,
              "pending": false,
              "context": null,
              "code": "if (driver) {\n  await driver.quit();\n}",
              "err": {},
              "uuid": "67a1ef71-e0a1-4e7d-a98d-3ab1b01d8fed",
              "parentUUID": "8b293db2-588d-4fff-8f4e-359438ad80f8",
              "isHook": true,
              "skipped": false
            }
          ],
          "tests": [
            {
              "title": "AgregarUnProductoAlCarrito",
              "fullTitle": "AgregarUnProductoAlCarrito AgregarUnProductoAlCarrito",
              "timedOut": false,
              "duration": 17386,
              "state": "failed",
              "speed": null,
              "pass": false,
              "fail": true,
              "pending": false,
              "context": null,
              "code": "await driver.get('https://arrocha.com/');\nawait driver.manage().window().setRect({ width: 1382, height: 736 });\n// Espera a que el elemento con linkText \"Tiendas\" esté presente antes de realizar la acción\nconst tiendasElement = await driver.wait(until.elementLocated(By.linkText('Tiendas')), 10000);\nawait driver.actions({ bridge: true }).move(tiendasElement).perform();\n// Espera a que el elemento con id \"boost-pfs-search-box-0\" esté presente antes de realizar la acción\nconst searchBoxElement = await driver.wait(until.elementLocated(By.id('boost-pfs-search-box-0')), 10000);\nawait searchBoxElement.click();\n// Espera a que el elemento con id \"boost-pfs-search-box-0\" esté presente antes de realizar la acción\nawait searchBoxElement.sendKeys('Crema');\n// Espera a que el elemento con el selector \".boost-pfs-search-suggestion-item:nth-child(2) .boost-pfs-search-suggestion-product-title\" esté presente antes de realizar la acción\nconst suggestionElement = await driver.wait(until.elementLocated(By.css('.boost-pfs-search-suggestion-item:nth-child(2) .boost-pfs-search-suggestion-product-title')), 15000);\nawait suggestionElement.click();",
              "err": {
                "message": "NoSuchWindowError: no such window: target window already closed\nfrom unknown error: web view not found\n  (Session info: chrome=119.0.6045.200)",
                "estack": "NoSuchWindowError: no such window: target window already closed\nfrom unknown error: web view not found\n  (Session info: chrome=119.0.6045.200)\n    at Object.throwDecodedError (node_modules\\selenium-webdriver\\lib\\error.js:524:15)\n    at parseHttpResponse (node_modules\\selenium-webdriver\\lib\\http.js:601:13)\n    at Executor.execute (node_modules\\selenium-webdriver\\lib\\http.js:529:28)\n    at process.processTicksAndRejections (node:internal/process/task_queues:95:5)\n    at async Driver.execute (node_modules\\selenium-webdriver\\lib\\webdriver.js:745:17)\n    at async Driver.findElements (node_modules\\selenium-webdriver\\lib\\webdriver.js:1089:17)",
                "diff": null
              },
              "uuid": "ed68eca5-3ad0-4ed2-93c0-7203185c39e7",
              "parentUUID": "8b293db2-588d-4fff-8f4e-359438ad80f8",
              "isHook": false,
              "skipped": false
            }
          ],
          "suites": [],
          "passes": [],
          "failures": [
            "ed68eca5-3ad0-4ed2-93c0-7203185c39e7"
          ],
          "pending": [],
          "skipped": [],
          "duration": 17386,
          "root": false,
          "rootEmpty": false,
          "_timeout": 30000
        },
        {
          "uuid": "1b43b085-a52c-41fb-9e5b-d8682f3b86f8",
          "title": "EliminarUnProductoDelCarrito",
          "fullFile": "C:\\Users\\Irma\\Desktop\\Test\\Calidad_Test_2023\\Calidad_Test_2023\\test\\eliminarUnProductoDelCarrito.spec.js",
          "file": "\\test\\eliminarUnProductoDelCarrito.spec.js",
          "beforeHooks": [
            {
              "title": "\"before each\" hook in \"EliminarUnProductoDelCarrito\"",
              "fullTitle": "EliminarUnProductoDelCarrito \"before each\" hook in \"EliminarUnProductoDelCarrito\"",
              "timedOut": false,
              "duration": 1931,
              "state": null,
              "speed": null,
              "pass": false,
              "fail": false,
              "pending": false,
              "context": null,
              "code": "driver = await new Builder().forBrowser('chrome').build();\nvars = {};",
              "err": {},
              "uuid": "d017c22a-a808-4049-814f-1b246b865533",
              "parentUUID": "1b43b085-a52c-41fb-9e5b-d8682f3b86f8",
              "isHook": true,
              "skipped": false
            }
          ],
          "afterHooks": [
            {
              "title": "\"after each\" hook in \"EliminarUnProductoDelCarrito\"",
              "fullTitle": "EliminarUnProductoDelCarrito \"after each\" hook in \"EliminarUnProductoDelCarrito\"",
              "timedOut": false,
              "duration": 44,
              "state": null,
              "speed": null,
              "pass": false,
              "fail": false,
              "pending": false,
              "context": null,
              "code": "await driver.quit();",
              "err": {},
              "uuid": "f7e6a72c-2c58-48b5-9231-69930c8ed3dd",
              "parentUUID": "1b43b085-a52c-41fb-9e5b-d8682f3b86f8",
              "isHook": true,
              "skipped": false
            }
          ],
          "tests": [
            {
              "title": "EliminarUnProductoDelCarrito",
              "fullTitle": "EliminarUnProductoDelCarrito EliminarUnProductoDelCarrito",
              "timedOut": false,
              "duration": 12126,
              "state": "failed",
              "speed": null,
              "pass": false,
              "fail": true,
              "pending": false,
              "context": null,
              "code": "await driver.get('https://arrocha.com/');\nawait driver.manage().window().setRect({ width: 1382, height: 736 });\n// Espera a que el elemento con id \"boost-pfs-search-box-0\" esté presente antes de realizar la acción\nconst searchBoxElement = await driver.wait(until.elementLocated(By.id('boost-pfs-search-box-0')), 10000);\nawait searchBoxElement.click();\n// Espera a que el elemento con id \"boost-pfs-search-box-0\" esté presente antes de realizar la acción\nawait searchBoxElement.sendKeys('Crema');\n// Espera a que el elemento con linkText \"Bioland Crema Fijadora Argán 175Ml\" esté presente antes de realizar la acción\nconst productLinkElement = await driver.wait(until.elementLocated(By.linkText('Bioland Crema Fijadora Argán 175Ml')), 10000);\nawait productLinkElement.click();\n// Espera a que el elemento con el selector \".product-form--atc-button\" esté presente antes de realizar la acción\nconst addToCartElement = await driver.wait(until.elementLocated(By.css('.product-form--atc-button')), 10000);\nawait addToCartElement.click();\n// Espera a que el elemento con el selector \".cart-item--remove-link\" esté presente antes de realizar la acción\nconst removeLinkElement = await driver.wait(until.elementLocated(By.css('.cart-item--remove-link')), 15000);\nawait removeLinkElement.click();",
              "err": {
                "message": "NoSuchWindowError: no such window: target window already closed\nfrom unknown error: web view not found\n  (Session info: chrome=119.0.6045.200)",
                "estack": "NoSuchWindowError: no such window: target window already closed\nfrom unknown error: web view not found\n  (Session info: chrome=119.0.6045.200)\n    at Object.throwDecodedError (node_modules\\selenium-webdriver\\lib\\error.js:524:15)\n    at parseHttpResponse (node_modules\\selenium-webdriver\\lib\\http.js:601:13)\n    at Executor.execute (node_modules\\selenium-webdriver\\lib\\http.js:529:28)\n    at process.processTicksAndRejections (node:internal/process/task_queues:95:5)\n    at async Driver.execute (node_modules\\selenium-webdriver\\lib\\webdriver.js:745:17)\n    at async Driver.findElements (node_modules\\selenium-webdriver\\lib\\webdriver.js:1089:17)",
                "diff": null
              },
              "uuid": "43363039-36a8-4166-a3f3-ff1bf7a9adc1",
              "parentUUID": "1b43b085-a52c-41fb-9e5b-d8682f3b86f8",
              "isHook": false,
              "skipped": false
            }
          ],
          "suites": [],
          "passes": [],
          "failures": [
            "43363039-36a8-4166-a3f3-ff1bf7a9adc1"
          ],
          "pending": [],
          "skipped": [],
          "duration": 12126,
          "root": false,
          "rootEmpty": false,
          "_timeout": 30000
        },
        {
          "uuid": "bae52356-df11-487a-9011-1576ca07bd75",
          "title": "IniciarSession",
          "fullFile": "C:\\Users\\Irma\\Desktop\\Test\\Calidad_Test_2023\\Calidad_Test_2023\\test\\iniciarSession.spec.js",
          "file": "\\test\\iniciarSession.spec.js",
          "beforeHooks": [
            {
              "title": "\"before each\" hook in \"IniciarSession\"",
              "fullTitle": "IniciarSession \"before each\" hook in \"IniciarSession\"",
              "timedOut": false,
              "duration": 1937,
              "state": null,
              "speed": null,
              "pass": false,
              "fail": false,
              "pending": false,
              "context": null,
              "code": "driver = await new Builder().forBrowser('chrome').build();\nvars = {};",
              "err": {},
              "uuid": "6e2a2077-e287-45e4-9c8e-8e15eff6fd14",
              "parentUUID": "bae52356-df11-487a-9011-1576ca07bd75",
              "isHook": true,
              "skipped": false
            }
          ],
          "afterHooks": [
            {
              "title": "\"after each\" hook for \"IniciarSession\"",
              "fullTitle": "IniciarSession \"after each\" hook for \"IniciarSession\"",
              "timedOut": true,
              "duration": 30011,
              "state": "failed",
              "speed": null,
              "pass": false,
              "fail": true,
              "pending": false,
              "context": null,
              "code": "await driver.quit();",
              "err": {
                "message": "Error: Timeout of 30000ms exceeded. For async tests and hooks, ensure \"done()\" is called; if returning a Promise, ensure it resolves. (C:\\Users\\Irma\\Desktop\\Test\\Calidad_Test_2023\\Calidad_Test_2023\\test\\iniciarSession.spec.js)",
                "estack": "Error: Timeout of 30000ms exceeded. For async tests and hooks, ensure \"done()\" is called; if returning a Promise, ensure it resolves. (C:\\Users\\Irma\\Desktop\\Test\\Calidad_Test_2023\\Calidad_Test_2023\\test\\iniciarSession.spec.js)\n    at listOnTimeout (node:internal/timers:573:17)\n    at process.processTimers (node:internal/timers:514:7)",
                "diff": null
              },
              "uuid": "771ffd4c-806d-4511-a84e-887621035ba2",
              "parentUUID": "bae52356-df11-487a-9011-1576ca07bd75",
              "isHook": true,
              "skipped": false
            }
          ],
          "tests": [
            {
              "title": "IniciarSession",
              "fullTitle": "IniciarSession IniciarSession",
              "timedOut": true,
              "duration": 30006,
              "state": "failed",
              "speed": null,
              "pass": false,
              "fail": true,
              "pending": false,
              "context": null,
              "code": "await driver.get('https://arrocha.com/');\nawait driver.manage().window().setRect({ width: 1382, height: 736 });\n// Espera a que el elemento con linkText \"Ingresar\" esté presente antes de realizar la acción\nconst loginLinkElement = await driver.wait(until.elementLocated(By.linkText('Ingresar')), 5000);\nawait loginLinkElement.click();\n// Espera a que el elemento con id \"customer_email\" esté presente antes de realizar la acción\nconst emailInputElement = await driver.wait(until.elementLocated(By.id('customer_email')), 5000);\nawait emailInputElement.click();\nawait emailInputElement.sendKeys('danielastar3102@gmail.com');\n// Espera a que el elemento con id \"customer_password\" esté presente antes de realizar la acción\nconst passwordInputElement = await driver.wait(until.elementLocated(By.id('customer_password')), 5000);\nawait passwordInputElement.click();\nawait passwordInputElement.sendKeys('daniela1234*');\n// Espera a que el elemento con el selector \".form-action--submit\" esté presente antes de realizar la acción\nconst submitButtonElement = await driver.wait(until.elementLocated(By.css('.form-action--submit')), 5000);\nawait submitButtonElement.click();",
              "err": {
                "message": "Error: Timeout of 30000ms exceeded. For async tests and hooks, ensure \"done()\" is called; if returning a Promise, ensure it resolves. (C:\\Users\\Irma\\Desktop\\Test\\Calidad_Test_2023\\Calidad_Test_2023\\test\\iniciarSession.spec.js)",
                "estack": "Error: Timeout of 30000ms exceeded. For async tests and hooks, ensure \"done()\" is called; if returning a Promise, ensure it resolves. (C:\\Users\\Irma\\Desktop\\Test\\Calidad_Test_2023\\Calidad_Test_2023\\test\\iniciarSession.spec.js)\n    at listOnTimeout (node:internal/timers:573:17)\n    at process.processTimers (node:internal/timers:514:7)",
                "diff": null
              },
              "uuid": "fefdd879-cc9a-4657-9f08-69f5c65a25d4",
              "parentUUID": "bae52356-df11-487a-9011-1576ca07bd75",
              "isHook": false,
              "skipped": false
            }
          ],
          "suites": [],
          "passes": [],
          "failures": [
            "fefdd879-cc9a-4657-9f08-69f5c65a25d4"
          ],
          "pending": [],
          "skipped": [],
          "duration": 30006,
          "root": false,
          "rootEmpty": false,
          "_timeout": 30000
        },
        {
          "uuid": "28ce0861-f48a-4fe5-aa4d-8a9c7bbdc6c6",
          "title": "Registrarse",
          "fullFile": "C:\\Users\\Irma\\Desktop\\Test\\Calidad_Test_2023\\Calidad_Test_2023\\test\\registrarse.spec.js",
          "file": "\\test\\registrarse.spec.js",
          "beforeHooks": [
            {
              "title": "\"before each\" hook in \"Registrarse\"",
              "fullTitle": "Registrarse \"before each\" hook in \"Registrarse\"",
              "timedOut": false,
              "duration": 7737,
              "state": null,
              "speed": null,
              "pass": false,
              "fail": false,
              "pending": false,
              "context": null,
              "code": "driver = await new Builder().forBrowser('chrome').build();\nvars = {};",
              "err": {},
              "uuid": "0aea6cf4-64f9-4d0b-8d6f-1340e43db370",
              "parentUUID": "28ce0861-f48a-4fe5-aa4d-8a9c7bbdc6c6",
              "isHook": true,
              "skipped": false
            }
          ],
          "afterHooks": [
            {
              "title": "\"after each\" hook in \"Registrarse\"",
              "fullTitle": "Registrarse \"after each\" hook in \"Registrarse\"",
              "timedOut": false,
              "duration": 491,
              "state": null,
              "speed": null,
              "pass": false,
              "fail": false,
              "pending": false,
              "context": null,
              "code": "await driver.quit();",
              "err": {},
              "uuid": "e993bc25-3033-4255-8236-824e0bdf7022",
              "parentUUID": "28ce0861-f48a-4fe5-aa4d-8a9c7bbdc6c6",
              "isHook": true,
              "skipped": false
            }
          ],
          "tests": [
            {
              "title": "Registrarse",
              "fullTitle": "Registrarse Registrarse",
              "timedOut": true,
              "duration": 30013,
              "state": "failed",
              "speed": null,
              "pass": false,
              "fail": true,
              "pending": false,
              "context": null,
              "code": "await driver.get('https://arrocha.com/');\nawait driver.manage().window().setRect({ width: 1382, height: 736 });\n// Espera a que el elemento con linkText \"Ingresar\" esté presente antes de realizar la acción\nconst loginLinkElement = await driver.wait(until.elementLocated(By.linkText('Ingresar')), 50000);\nawait loginLinkElement.click();\n// Realiza un desplazamiento hacia abajo en la página\nawait driver.executeScript('window.scrollTo(0, 100)');\n// Espera a que el elemento con id \"customer_register_link\" esté presente antes de realizar la acción\nconst registerLinkElement = await driver.wait(until.elementLocated(By.id('customer_register_link')), 50000);\nawait registerLinkElement.click();\n// Espera a que el elemento con id \"686772\" esté presente antes de realizar la acción\nconst firstNameElement = await driver.wait(until.elementLocated(By.id('686772')), 50000);\nawait firstNameElement.click();\nawait firstNameElement.sendKeys('Daniela');\n// Espera a que el elemento con id \"119233\" esté presente antes de realizar la acción\nconst lastNameElement = await driver.wait(until.elementLocated(By.id('119233')), 50000);\nawait lastNameElement.click();\nawait lastNameElement.sendKeys('Reyes');\n// Espera a que el elemento con id \"126009\" esté presente antes de realizar la acción\nconst phoneNumberElement = await driver.wait(until.elementLocated(By.id('126009')), 50000);\nawait phoneNumberElement.click();\nawait phoneNumberElement.sendKeys('8-123-456');\n// Espera a que el elemento con id \"109309\" esté presente antes de realizar la acción\nconst birthdateElement = await driver.wait(until.elementLocated(By.id('109309')), 50000);\nawait birthdateElement.click();\nawait birthdateElement.sendKeys('31-01-2002');\n// Espera a que el elemento con id \"value1-102623option1\" esté presente antes de realizar la acción\nconst genderElement = await driver.wait(until.elementLocated(By.id('value1-102623option1')), 50000);\nawait genderElement.click();\n// Espera a que el elemento con id \"169789\" esté presente antes de realizar la acción\nconst emailElement = await driver.wait(until.elementLocated(By.id('169789')), 50000);\nawait emailElement.click();\nawait emailElement.sendKeys('daniela@gmail.com');\n// Espera a que el elemento con id \"726232\" esté presente antes de realizar la acción\nconst phoneElement = await driver.wait(until.elementLocated(By.id('726232')), 50000);\nawait phoneElement.click();\nawait phoneElement.sendKeys('+507 2211 4420');\n// Espera a que el elemento con id \"199093\" esté presente antes de realizar la acción\nconst termsCheckboxElement = await driver.wait(until.elementLocated(By.id('199093')), 50000);\nawait termsCheckboxElement.click();\n// Espera a que el elemento con id \"209151\" esté presente antes de realizar la acción\nconst submitButtonElement = await driver.wait(until.elementLocated(By.id('209151')), 50000);\nawait submitButtonElement.click();\n// Realiza un desplazamiento hacia abajo en la página\nawait driver.executeScript('window.scrollTo(0, 159)');",
              "err": {
                "message": "Error: Timeout of 30000ms exceeded. For async tests and hooks, ensure \"done()\" is called; if returning a Promise, ensure it resolves. (C:\\Users\\Irma\\Desktop\\Test\\Calidad_Test_2023\\Calidad_Test_2023\\test\\registrarse.spec.js)",
                "estack": "Error: Timeout of 30000ms exceeded. For async tests and hooks, ensure \"done()\" is called; if returning a Promise, ensure it resolves. (C:\\Users\\Irma\\Desktop\\Test\\Calidad_Test_2023\\Calidad_Test_2023\\test\\registrarse.spec.js)\n    at listOnTimeout (node:internal/timers:573:17)\n    at process.processTimers (node:internal/timers:514:7)",
                "diff": null
              },
              "uuid": "f86eb3c5-019c-472b-8af7-1205f751c61a",
              "parentUUID": "28ce0861-f48a-4fe5-aa4d-8a9c7bbdc6c6",
              "isHook": false,
              "skipped": false
            }
          ],
          "suites": [],
          "passes": [],
          "failures": [
            "f86eb3c5-019c-472b-8af7-1205f751c61a"
          ],
          "pending": [],
          "skipped": [],
          "duration": 30013,
          "root": false,
          "rootEmpty": false,
          "_timeout": 30000
        },
        {
          "uuid": "ba32d901-c4d9-4ac6-b5dd-74249d4c41d4",
          "title": "ValidarContactenos",
          "fullFile": "C:\\Users\\Irma\\Desktop\\Test\\Calidad_Test_2023\\Calidad_Test_2023\\test\\validarContactenos.spec.js",
          "file": "\\test\\validarContactenos.spec.js",
          "beforeHooks": [
            {
              "title": "\"before each\" hook in \"ValidarContactenos\"",
              "fullTitle": "ValidarContactenos \"before each\" hook in \"ValidarContactenos\"",
              "timedOut": false,
              "duration": 2062,
              "state": null,
              "speed": null,
              "pass": false,
              "fail": false,
              "pending": false,
              "context": null,
              "code": "driver = await new Builder().forBrowser('chrome').build();\nvars = {};",
              "err": {},
              "uuid": "1a2f48dc-7edf-44cd-8246-bf45fd61043d",
              "parentUUID": "ba32d901-c4d9-4ac6-b5dd-74249d4c41d4",
              "isHook": true,
              "skipped": false
            }
          ],
          "afterHooks": [
            {
              "title": "\"after each\" hook in \"ValidarContactenos\"",
              "fullTitle": "ValidarContactenos \"after each\" hook in \"ValidarContactenos\"",
              "timedOut": false,
              "duration": 3871,
              "state": null,
              "speed": null,
              "pass": false,
              "fail": false,
              "pending": false,
              "context": null,
              "code": "await driver.quit();",
              "err": {},
              "uuid": "d4eafc9d-ccca-4474-8778-28bd36704553",
              "parentUUID": "ba32d901-c4d9-4ac6-b5dd-74249d4c41d4",
              "isHook": true,
              "skipped": false
            }
          ],
          "tests": [
            {
              "title": "ValidarContactenos",
              "fullTitle": "ValidarContactenos ValidarContactenos",
              "timedOut": true,
              "duration": 30008,
              "state": "failed",
              "speed": null,
              "pass": false,
              "fail": true,
              "pending": false,
              "context": null,
              "code": "await driver.get('https://arrocha.com/');\nawait driver.manage().window().setRect({ width: 1382, height: 736 });\n// Espera a que el elemento con linkText \"Contáctanos\" esté presente antes de realizar la acción\nconst contactLinkElement = await driver.wait(until.elementLocated(By.linkText('Contáctanos')), 20000);\nawait contactLinkElement.click();\n// Espera a que el elemento con id \"contact_name\" esté presente antes de realizar la acción\nconst nameInputElement = await driver.wait(until.elementLocated(By.id('contact_name')), 20000);\nawait nameInputElement.click();\nawait nameInputElement.sendKeys('Juan');\n// Espera a que el elemento con id \"contact_email\" esté presente antes de realizar la acción\nconst emailInputElement = await driver.wait(until.elementLocated(By.id('contact_email')), 20000);\nawait emailInputElement.click();\nawait emailInputElement.sendKeys('juan@gmail.com');\n// Espera a que el elemento con id \"contact_phone\" esté presente antes de realizar la acción\nconst phoneInputElement = await driver.wait(until.elementLocated(By.id('contact_phone')), 20000);\nawait phoneInputElement.click();\nawait phoneInputElement.sendKeys('66782020');\n// Espera a que el elemento con id \"contact_message\" esté presente antes de realizar la acción\nconst messageInputElement = await driver.wait(until.elementLocated(By.id('contact_message')), 20000);\nawait messageInputElement.click();\nawait messageInputElement.sendKeys('Test 3 universidad');\n// Espera a que el elemento con la clase \".contact-form-button\" esté presente antes de realizar la acción\nconst submitButtonElement = await driver.wait(until.elementLocated(By.css('.contact-form-button')), 20000);\nawait submitButtonElement.click();",
              "err": {
                "message": "Error: Timeout of 30000ms exceeded. For async tests and hooks, ensure \"done()\" is called; if returning a Promise, ensure it resolves. (C:\\Users\\Irma\\Desktop\\Test\\Calidad_Test_2023\\Calidad_Test_2023\\test\\validarContactenos.spec.js)",
                "estack": "Error: Timeout of 30000ms exceeded. For async tests and hooks, ensure \"done()\" is called; if returning a Promise, ensure it resolves. (C:\\Users\\Irma\\Desktop\\Test\\Calidad_Test_2023\\Calidad_Test_2023\\test\\validarContactenos.spec.js)\n    at listOnTimeout (node:internal/timers:573:17)\n    at process.processTimers (node:internal/timers:514:7)",
                "diff": null
              },
              "uuid": "8a2df0b6-c1f5-4be2-864c-12f0d05908eb",
              "parentUUID": "ba32d901-c4d9-4ac6-b5dd-74249d4c41d4",
              "isHook": false,
              "skipped": false
            }
          ],
          "suites": [],
          "passes": [],
          "failures": [
            "8a2df0b6-c1f5-4be2-864c-12f0d05908eb"
          ],
          "pending": [],
          "skipped": [],
          "duration": 30008,
          "root": false,
          "rootEmpty": false,
          "_timeout": 30000
        }
      ],
      "passes": [],
      "failures": [],
      "pending": [],
      "skipped": [],
      "duration": 0,
      "root": true,
      "rootEmpty": true,
      "_timeout": 0
    }
  ],
  "meta": {
    "mocha": {
      "version": "10.2.0"
    },
    "mochawesome": {
      "options": {
        "quiet": false,
        "reportFilename": "mochawesome",
        "saveHtml": true,
        "saveJson": true,
        "consoleReporter": "spec",
        "useInlineDiffs": false,
        "code": true
      },
      "version": "7.1.3"
    },
    "marge": {
      "options": null,
      "version": "6.2.0"
    }
  }
}